<?xml version="1.0" encoding="UTF-8"?>
<!-- Generated by org.testng.reporters.JUnitReportReporter -->
<testsuite hostname="TYSS-Mohammed-Riza-Washiq" failures="0" tests="3" name="com.comcast.crm.dummy1.Contact" time="0.012" errors="0" timestamp="2024-10-17T12:50:08 IST" skipped="0">
  <testcase classname="com.comcast.crm.dummy1.Contact" name="TC3" time="0.002"/>
  <testcase classname="com.comcast.crm.dummy1.Contact" name="TC1" time="0.008"/>
  <testcase classname="com.comcast.crm.dummy1.Contact" name="TC2" time="0.002"/>
</testsuite> <!-- com.comcast.crm.dummy1.Contact -->
