<?xml version="1.0" encoding="UTF-8"?>
<!-- Generated by org.testng.reporters.JUnitReportReporter -->
<testsuite hostname="TYSS-Mohammed-Riza-Washiq" failures="0" tests="3" name="com.comcast.crm.dummy2.Org" time="0.009" errors="0" timestamp="2024-10-17T12:50:08 IST" skipped="0">
  <testcase classname="com.comcast.crm.dummy2.Org" name="TC4" time="0.007"/>
  <testcase classname="com.comcast.crm.dummy2.Org" name="TC6" time="0.001"/>
  <testcase classname="com.comcast.crm.dummy2.Org" name="TC5" time="0.001"/>
</testsuite> <!-- com.comcast.crm.dummy2.Org -->
